\BOOKMARK [1][-]{section.1}{blueState of the art and preliminary work}{}% 1
\BOOKMARK [2][-]{subsection.1.1}{Dust-entrainment in winds: modelling strategies}{section.1}% 2
\BOOKMARK [3][-]{subsubsection.1.1.1}{Analytical approach}{subsection.1.1}% 3
\BOOKMARK [3][-]{subsubsection.1.1.2}{Numerical approaches}{subsection.1.1}% 4
\BOOKMARK [2][-]{subsection.1.2}{Grain sizes and abundances at the base of the wind}{section.1}% 5
\BOOKMARK [2][-]{subsection.1.3}{blueProject-related publications}{section.1}% 6
\BOOKMARK [3][-]{subsubsection.1.3.1}{blueArticles published or officially accepted by publication outlets with scientific quality assurance; book publications}{subsection.1.3}% 7
\BOOKMARK [3][-]{subsubsection.1.3.2}{blueOther publications}{subsection.1.3}% 8
\BOOKMARK [3][-]{subsubsection.1.3.3}{bluePatents}{subsection.1.3}% 9
\BOOKMARK [4][-]{paragraph.1.3.3.1}{bluePending}{subsubsection.1.3.3}% 10
\BOOKMARK [4][-]{paragraph.1.3.3.2}{blueIssued}{subsubsection.1.3.3}% 11
\BOOKMARK [1][-]{section.2}{blueObjectives and work programme}{}% 12
\BOOKMARK [2][-]{subsection.2.1}{blueAnticipated total duration of the project}{section.2}% 13
\BOOKMARK [2][-]{subsection.2.2}{blueObjectives}{section.2}% 14
\BOOKMARK [2][-]{subsection.2.3}{blueWork programme including proposed research methods}{section.2}% 15
\BOOKMARK [2][-]{subsection.2.4}{Research Tools}{section.2}% 16
\BOOKMARK [2][-]{subsection.2.5}{Research Plan}{section.2}% 17
\BOOKMARK [3][-]{subsubsection.2.5.1}{Months 1-12}{subsection.2.5}% 18
\BOOKMARK [3][-]{subsubsection.2.5.2}{Months 13-24}{subsection.2.5}% 19
\BOOKMARK [3][-]{subsubsection.2.5.3}{Months 25-36}{subsection.2.5}% 20
\BOOKMARK [2][-]{subsection.2.6}{blueData handling}{section.2}% 21
\BOOKMARK [2][-]{subsection.2.7}{blueOther information}{section.2}% 22
\BOOKMARK [2][-]{subsection.2.8}{blueInformation on scientific and financial involvement of international cooperation partners}{section.2}% 23
\BOOKMARK [1][-]{section.3}{blueBibliography}{}% 24
\BOOKMARK [1][-]{section.4}{blueRequested modules/funds}{}% 25
\BOOKMARK [2][-]{subsection.4.1}{blueBasic Module}{section.4}% 26
\BOOKMARK [3][-]{subsubsection.4.1.1}{blueFunding for Staff}{subsection.4.1}% 27
\BOOKMARK [3][-]{subsubsection.4.1.2}{blueDirect Project Costs}{subsection.4.1}% 28
\BOOKMARK [4][-]{paragraph.4.1.2.1}{blueEquipment up to EUR 10,000, Software and Consumables}{subsubsection.4.1.2}% 29
\BOOKMARK [4][-]{paragraph.4.1.2.2}{blueTravel Expenses}{subsubsection.4.1.2}% 30
\BOOKMARK [4][-]{paragraph.4.1.2.3}{blueVisiting Researchers \(excluding Mercator Fellows\)}{subsubsection.4.1.2}% 31
\BOOKMARK [4][-]{paragraph.4.1.2.4}{blueOther Costs}{subsubsection.4.1.2}% 32
\BOOKMARK [4][-]{paragraph.4.1.2.5}{blueProject-related publication expenses}{subsubsection.4.1.2}% 33
\BOOKMARK [3][-]{subsubsection.4.1.3}{blueInstrumentation}{subsection.4.1}% 34
\BOOKMARK [4][-]{paragraph.4.1.3.1}{blueEquipment exceeding EUR 10,000}{subsubsection.4.1.3}% 35
\BOOKMARK [4][-]{paragraph.4.1.3.2}{blueMajor Instrumentation exceeding EUR 100,000}{subsubsection.4.1.3}% 36
\BOOKMARK [2][-]{subsection.4.2}{blueModule Temporary Position}{section.4}% 37
\BOOKMARK [2][-]{subsection.4.3}{blueModule Replacement Funding}{section.4}% 38
\BOOKMARK [2][-]{subsection.4.4}{blueModule Mercator Fellows}{section.4}% 39
\BOOKMARK [2][-]{subsection.4.5}{blueModule Public Relations Funding}{section.4}% 40
\BOOKMARK [1][-]{section.5}{blueProject requirements}{}% 41
\BOOKMARK [2][-]{subsection.5.1}{blueEmployment status information}{section.5}% 42
\BOOKMARK [2][-]{subsection.5.2}{blueFirst-time proposal data}{section.5}% 43
\BOOKMARK [2][-]{subsection.5.3}{blueComposition of the project group}{section.5}% 44
\BOOKMARK [2][-]{subsection.5.4}{blueCooperation with other researchers}{section.5}% 45
\BOOKMARK [3][-]{subsubsection.5.4.1}{bluePlanned cooperation on this project}{subsection.5.4}% 46
\BOOKMARK [4][-]{paragraph.5.4.1.1}{blueCollaborating researchers for this project within the Research Unit}{subsubsection.5.4.1}% 47
\BOOKMARK [4][-]{paragraph.5.4.1.2}{blueCollaborating researchers for this project outside of the Research Unit}{subsubsection.5.4.1}% 48
\BOOKMARK [3][-]{subsubsection.5.4.2}{blueResearchers with whom you have collaborated scientifically within the past three years}{subsection.5.4}% 49
\BOOKMARK [2][-]{subsection.5.5}{blueScientific equipment}{section.5}% 50
\BOOKMARK [2][-]{subsection.5.6}{blueProject-relevant interests in commercial enterprises}{section.5}% 51
\BOOKMARK [2][-]{subsection.5.7}{blueAdditional information}{section.5}% 52
