This is pdfTeX, Version 3.14159265-2.6-1.40.17 (TeX Live 2016) (preloaded format=latex 2016.6.22)  5 NOV 2016 22:20
entering extended mode
 restricted \write18 enabled.
 %&-line parsing enabled.
**haupt.tex
(./haupt.tex
LaTeX2e <2016/03/31>
Babel <3.9r> and hyphenation patterns for 83 language(s) loaded.
(/usr/local/texlive/2016/texmf-dist/tex/latex/base/article.cls
Document Class: article 2014/09/29 v1.4h Standard LaTeX document class
(/usr/local/texlive/2016/texmf-dist/tex/latex/base/size12.clo
File: size12.clo 2014/09/29 v1.4h Standard LaTeX file (size option)
)
\c@part=\count79
\c@section=\count80
\c@subsection=\count81
\c@subsubsection=\count82
\c@paragraph=\count83
\c@subparagraph=\count84
\c@figure=\count85
\c@table=\count86
\abovecaptionskip=\skip41
\belowcaptionskip=\skip42
\bibindent=\dimen102
)
(/usr/local/texlive/2016/texmf-dist/tex/latex/psnfss/times.sty
Package: times 2005/04/12 PSNFSS-v9.2a (SPQR) 
)
(/usr/local/texlive/2016/texmf-dist/tex/latex/amsfonts/amssymb.sty
Package: amssymb 2013/01/14 v3.01 AMS font symbols

(/usr/local/texlive/2016/texmf-dist/tex/latex/amsfonts/amsfonts.sty
Package: amsfonts 2013/01/14 v3.01 Basic AMSFonts support
\@emptytoks=\toks14
\symAMSa=\mathgroup4
\symAMSb=\mathgroup5
LaTeX Font Info:    Overwriting math alphabet `\mathfrak' in version `bold'
(Font)                  U/euf/m/n --> U/euf/b/n on input line 106.
))
(/usr/local/texlive/2016/texmf-dist/tex/latex/amsmath/amsmath.sty
Package: amsmath 2016/03/10 v2.15b AMS math features
\@mathmargin=\skip43

For additional information on amsmath, use the `?' option.
(/usr/local/texlive/2016/texmf-dist/tex/latex/amsmath/amstext.sty
Package: amstext 2000/06/29 v2.01 AMS text

(/usr/local/texlive/2016/texmf-dist/tex/latex/amsmath/amsgen.sty
File: amsgen.sty 1999/11/30 v2.0 generic functions
\@emptytoks=\toks15
\ex@=\dimen103
))
(/usr/local/texlive/2016/texmf-dist/tex/latex/amsmath/amsbsy.sty
Package: amsbsy 1999/11/29 v1.2d Bold Symbols
\pmbraise@=\dimen104
)
(/usr/local/texlive/2016/texmf-dist/tex/latex/amsmath/amsopn.sty
Package: amsopn 2016/03/08 v2.02 operator names
)
\inf@bad=\count87
LaTeX Info: Redefining \frac on input line 199.
\uproot@=\count88
\leftroot@=\count89
LaTeX Info: Redefining \overline on input line 297.
\classnum@=\count90
\DOTSCASE@=\count91
LaTeX Info: Redefining \ldots on input line 394.
LaTeX Info: Redefining \dots on input line 397.
LaTeX Info: Redefining \cdots on input line 518.
\Mathstrutbox@=\box26
\strutbox@=\box27
\big@size=\dimen105
LaTeX Font Info:    Redeclaring font encoding OML on input line 634.
LaTeX Font Info:    Redeclaring font encoding OMS on input line 635.
\macc@depth=\count92
\c@MaxMatrixCols=\count93
\dotsspace@=\muskip10
\c@parentequation=\count94
\dspbrk@lvl=\count95
\tag@help=\toks16
\row@=\count96
\column@=\count97
\maxfields@=\count98
\andhelp@=\toks17
\eqnshift@=\dimen106
\alignsep@=\dimen107
\tagshift@=\dimen108
\tagwidth@=\dimen109
\totwidth@=\dimen110
\lineht@=\dimen111
\@envbody=\toks18
\multlinegap=\skip44
\multlinetaggap=\skip45
\mathdisplay@stack=\toks19
LaTeX Info: Redefining \[ on input line 2739.
LaTeX Info: Redefining \] on input line 2740.
)
(/usr/local/texlive/2016/texmf-dist/tex/generic/babel/babel.sty
Package: babel 2016/04/23 3.9r The Babel package

(/usr/local/texlive/2016/texmf-dist/tex/generic/babel-german/german.ldf
Language: german 2014/10/10 v2.7b German support for babel (traditional orthogr
aphy)

(/usr/local/texlive/2016/texmf-dist/tex/generic/babel-german/germanb.ldf
Language: germanb 2014/10/10 v2.7b German support for babel (traditional orthog
raphy)

(/usr/local/texlive/2016/texmf-dist/tex/generic/babel/babel.def
File: babel.def 2016/04/23 3.9r Babel common definitions
\babel@savecnt=\count99
\U@D=\dimen112
)
\l@austrian = a dialect from \language\l@german 
Package babel Info: Making " an active character on input line 110.
))
(/usr/local/texlive/2016/texmf-dist/tex/generic/babel-english/english.ldf
Language: english 2012/08/20 v3.3p English support from the babel system
\l@canadian = a dialect from \language\l@american 
\l@australian = a dialect from \language\l@british 
\l@newzealand = a dialect from \language\l@british 
))
(/usr/local/texlive/2016/texmf-dist/tex/latex/fancyhdr/fancyheadings.sty
Package: fancyheadings 2008/02/04 1.99 Dummy package to call fancyhdr


Package fancyheadings Warning: Please stop using fancyheadings!
(fancyheadings)                Use fancyhdr instead.
(fancyheadings)                We will call fancyhdr with the very same
(fancyheadings)                options you passed to fancyheadings.
(fancyheadings)                
(fancyheadings)                fancyhdr is 99 percent compatible with
(fancyheadings)                fancyheadings. The only incompatibility is
(fancyheadings)                that \headrulewidth and \footrulewidth and
(fancyheadings)                their \plain... versions are no longer length
(fancyheadings)                parameters, but normal macros (to be changed
(fancyheadings)                with \renewcommand rather than \setlength)..

(/usr/local/texlive/2016/texmf-dist/tex/latex/fancyhdr/fancyhdr.sty
\fancy@headwidth=\skip46
\f@ncyO@elh=\skip47
\f@ncyO@erh=\skip48
\f@ncyO@olh=\skip49
\f@ncyO@orh=\skip50
\f@ncyO@elf=\skip51
\f@ncyO@erf=\skip52
\f@ncyO@olf=\skip53
\f@ncyO@orf=\skip54
))
(/usr/local/texlive/2016/texmf-dist/tex/latex/graphics/epsfig.sty
Package: epsfig 1999/02/16 v1.7a (e)psfig emulation (SPQR)

(/usr/local/texlive/2016/texmf-dist/tex/latex/graphics/graphicx.sty
Package: graphicx 2014/10/28 v1.0g Enhanced LaTeX Graphics (DPC,SPQR)

(/usr/local/texlive/2016/texmf-dist/tex/latex/graphics/keyval.sty
Package: keyval 2014/10/28 v1.15 key=value parser (DPC)
\KV@toks@=\toks20
)
(/usr/local/texlive/2016/texmf-dist/tex/latex/graphics/graphics.sty
Package: graphics 2016/05/09 v1.0r Standard LaTeX Graphics (DPC,SPQR)

(/usr/local/texlive/2016/texmf-dist/tex/latex/graphics/trig.sty
Package: trig 2016/01/03 v1.10 sin cos tan (DPC)
)
(/usr/local/texlive/2016/texmf-dist/tex/latex/graphics-cfg/graphics.cfg
File: graphics.cfg 2016/01/02 v1.10 sample graphics configuration
)
Package graphics Info: Driver file: dvips.def on input line 96.

(/usr/local/texlive/2016/texmf-dist/tex/latex/graphics/dvips.def
File: dvips.def 2015/12/30 v3.0k Driver-dependent file (DPC,SPQR)
))
\Gin@req@height=\dimen113
\Gin@req@width=\dimen114
)
\epsfxsize=\dimen115
\epsfysize=\dimen116
)
(/usr/local/texlive/2016/texmf-dist/tex/latex/graphics/color.sty
Package: color 2016/05/09 v1.1c Standard LaTeX Color (DPC)

(/usr/local/texlive/2016/texmf-dist/tex/latex/graphics-cfg/color.cfg
File: color.cfg 2016/01/02 v1.6 sample color configuration
)
Package color Info: Driver file: dvips.def on input line 144.

(/usr/local/texlive/2016/texmf-dist/tex/latex/graphics/dvipsnam.def
File: dvipsnam.def 2015/12/30 v3.0k Driver-dependent file (DPC,SPQR)
))
(/usr/local/texlive/2016/texmf-dist/tex/latex/wrapfig/wrapfig.sty
\wrapoverhang=\dimen117
\WF@size=\dimen118
\c@WF@wrappedlines=\count100
\WF@box=\box28
\WF@everypar=\toks21
Package: wrapfig 2003/01/31  v 3.6
)
(/usr/local/texlive/2016/texmf-dist/tex/latex/float/float.sty
Package: float 2001/11/08 v1.3d Float enhancements (AL)
\c@float@type=\count101
\float@exts=\toks22
\float@box=\box29
\@float@everytoks=\toks23
\@floatcapt=\box30
)
(/usr/local/texlive/2016/texmf-dist/tex/latex/here/here.sty) (./psboxit.sty
\gray@box=\box31
\gray@space=\dimen119
)
(/usr/local/texlive/2016/texmf-dist/tex/latex/supertabular/supertabular.sty
Package: supertabular 2004/02/20 v4.1e the supertabular environment
\c@tracingst=\count102
\ST@wd=\dimen120
\ST@rightskip=\skip55
\ST@leftskip=\skip56
\ST@parfillskip=\skip57
\ST@pageleft=\dimen121
\ST@headht=\dimen122
\ST@tailht=\dimen123
\ST@pagesofar=\dimen124
\ST@pboxht=\dimen125
\ST@lineht=\dimen126
\ST@stretchht=\dimen127
\ST@prevht=\dimen128
\ST@toadd=\dimen129
\ST@dimen=\dimen130
\ST@pbox=\box32
)
(/usr/local/texlive/2016/texmf-dist/tex/latex/curves/curves.sty
Package: curves 2009/08/31 1.53 Curves for LaTeX picture environment
\;sc=\count103
\;scp=\count104
\;t=\count105
\;cc=\count106
\;cnd=\count107
\;mcnd=\count108
\;np=\count109
\;overhang=\count110
\;pbs=\count111
\;pns=\count112
\;psc=\count113
\;rc=\count114
\;rtc=\count115
\;tc=\count116
\csdiameter=\skip58
\curvelength=\skip59
\overhang=\skip60
\;x=\skip61
\;dx=\skip62
\;ddx=\skip63
\;y=\skip64
\;dy=\skip65
\;ddy=\skip66
\;pl=\skip67
\;ucd=\skip68
\;csbox=\box33
\;pt=\box34
\;strline=\toks24
\m;ssingcoord=\toks25
\;negdash=\toks26
\;oddcoord=\toks27
\;wc=\count117
\;X=\skip69
\;Y=\skip70
)
(/usr/local/texlive/2016/texmf-dist/tex/latex/rotating/rotating.sty
Package: rotating 2009/03/28 v2.16a rotated objects in LaTeX

(/usr/local/texlive/2016/texmf-dist/tex/latex/base/ifthen.sty
Package: ifthen 2014/09/29 v1.1c Standard LaTeX ifthen package (DPC)
)
\c@r@tfl@t=\count118
\rotFPtop=\skip71
\rotFPbot=\skip72
\rot@float@box=\box35
\rot@mess@toks=\toks28
)
(/usr/local/texlive/2016/texmf-dist/tex/latex/base/textcomp.sty
Package: textcomp 2005/09/27 v1.99g Standard LaTeX package
Package textcomp Info: Sub-encoding information:
(textcomp)               5 = only ISO-Adobe without \textcurrency
(textcomp)               4 = 5 + \texteuro
(textcomp)               3 = 4 + \textohm
(textcomp)               2 = 3 + \textestimated + \textcurrency
(textcomp)               1 = TS1 - \textcircled - \t
(textcomp)               0 = TS1 (full)
(textcomp)             Font families with sub-encoding setting implement
(textcomp)             only a restricted character set as indicated.
(textcomp)             Family '?' is the default used for unknown fonts.
(textcomp)             See the documentation for details.
Package textcomp Info: Setting ? sub-encoding to TS1/1 on input line 79.

(/usr/local/texlive/2016/texmf-dist/tex/latex/base/ts1enc.def
File: ts1enc.def 2001/06/05 v3.0e (jk/car/fm) Standard LaTeX file
)
LaTeX Info: Redefining \oldstylenums on input line 334.
Package textcomp Info: Setting cmr sub-encoding to TS1/0 on input line 349.
Package textcomp Info: Setting cmss sub-encoding to TS1/0 on input line 350.
Package textcomp Info: Setting cmtt sub-encoding to TS1/0 on input line 351.
Package textcomp Info: Setting cmvtt sub-encoding to TS1/0 on input line 352.
Package textcomp Info: Setting cmbr sub-encoding to TS1/0 on input line 353.
Package textcomp Info: Setting cmtl sub-encoding to TS1/0 on input line 354.
Package textcomp Info: Setting ccr sub-encoding to TS1/0 on input line 355.
Package textcomp Info: Setting ptm sub-encoding to TS1/4 on input line 356.
Package textcomp Info: Setting pcr sub-encoding to TS1/4 on input line 357.
Package textcomp Info: Setting phv sub-encoding to TS1/4 on input line 358.
Package textcomp Info: Setting ppl sub-encoding to TS1/3 on input line 359.
Package textcomp Info: Setting pag sub-encoding to TS1/4 on input line 360.
Package textcomp Info: Setting pbk sub-encoding to TS1/4 on input line 361.
Package textcomp Info: Setting pnc sub-encoding to TS1/4 on input line 362.
Package textcomp Info: Setting pzc sub-encoding to TS1/4 on input line 363.
Package textcomp Info: Setting bch sub-encoding to TS1/4 on input line 364.
Package textcomp Info: Setting put sub-encoding to TS1/5 on input line 365.
Package textcomp Info: Setting uag sub-encoding to TS1/5 on input line 366.
Package textcomp Info: Setting ugq sub-encoding to TS1/5 on input line 367.
Package textcomp Info: Setting ul8 sub-encoding to TS1/4 on input line 368.
Package textcomp Info: Setting ul9 sub-encoding to TS1/4 on input line 369.
Package textcomp Info: Setting augie sub-encoding to TS1/5 on input line 370.
Package textcomp Info: Setting dayrom sub-encoding to TS1/3 on input line 371.
Package textcomp Info: Setting dayroms sub-encoding to TS1/3 on input line 372.

Package textcomp Info: Setting pxr sub-encoding to TS1/0 on input line 373.
Package textcomp Info: Setting pxss sub-encoding to TS1/0 on input line 374.
Package textcomp Info: Setting pxtt sub-encoding to TS1/0 on input line 375.
Package textcomp Info: Setting txr sub-encoding to TS1/0 on input line 376.
Package textcomp Info: Setting txss sub-encoding to TS1/0 on input line 377.
Package textcomp Info: Setting txtt sub-encoding to TS1/0 on input line 378.
Package textcomp Info: Setting lmr sub-encoding to TS1/0 on input line 379.
Package textcomp Info: Setting lmdh sub-encoding to TS1/0 on input line 380.
Package textcomp Info: Setting lmss sub-encoding to TS1/0 on input line 381.
Package textcomp Info: Setting lmssq sub-encoding to TS1/0 on input line 382.
Package textcomp Info: Setting lmvtt sub-encoding to TS1/0 on input line 383.
Package textcomp Info: Setting lmtt sub-encoding to TS1/0 on input line 384.
Package textcomp Info: Setting qhv sub-encoding to TS1/0 on input line 385.
Package textcomp Info: Setting qag sub-encoding to TS1/0 on input line 386.
Package textcomp Info: Setting qbk sub-encoding to TS1/0 on input line 387.
Package textcomp Info: Setting qcr sub-encoding to TS1/0 on input line 388.
Package textcomp Info: Setting qcs sub-encoding to TS1/0 on input line 389.
Package textcomp Info: Setting qpl sub-encoding to TS1/0 on input line 390.
Package textcomp Info: Setting qtm sub-encoding to TS1/0 on input line 391.
Package textcomp Info: Setting qzc sub-encoding to TS1/0 on input line 392.
Package textcomp Info: Setting qhvc sub-encoding to TS1/0 on input line 393.
Package textcomp Info: Setting futs sub-encoding to TS1/4 on input line 394.
Package textcomp Info: Setting futx sub-encoding to TS1/4 on input line 395.
Package textcomp Info: Setting futj sub-encoding to TS1/4 on input line 396.
Package textcomp Info: Setting hlh sub-encoding to TS1/3 on input line 397.
Package textcomp Info: Setting hls sub-encoding to TS1/3 on input line 398.
Package textcomp Info: Setting hlst sub-encoding to TS1/3 on input line 399.
Package textcomp Info: Setting hlct sub-encoding to TS1/5 on input line 400.
Package textcomp Info: Setting hlx sub-encoding to TS1/5 on input line 401.
Package textcomp Info: Setting hlce sub-encoding to TS1/5 on input line 402.
Package textcomp Info: Setting hlcn sub-encoding to TS1/5 on input line 403.
Package textcomp Info: Setting hlcw sub-encoding to TS1/5 on input line 404.
Package textcomp Info: Setting hlcf sub-encoding to TS1/5 on input line 405.
Package textcomp Info: Setting pplx sub-encoding to TS1/3 on input line 406.
Package textcomp Info: Setting pplj sub-encoding to TS1/3 on input line 407.
Package textcomp Info: Setting ptmx sub-encoding to TS1/4 on input line 408.
Package textcomp Info: Setting ptmj sub-encoding to TS1/4 on input line 409.
)
(/usr/local/texlive/2016/texmf-dist/tex/latex/base/alltt.sty
Package: alltt 1997/06/16 v2.0g defines alltt environment
)
(/usr/local/texlive/2016/texmf-dist/tex/latex/tools/xspace.sty
Package: xspace 2014/10/28 v1.13 Space after command names (DPC,MH)
) (./haupt.aux
(./main.aux) (./references.aux) (./a1.aux) (./a2.aux) (./b1.aux) (./b2.aux)
(./b3.aux) (./b4.aux) (./c1.aux) (./c2.aux) (./d1.aux) (./d2.aux) (./p.aux)
(./z.aux) (./cv.aux))
\openout1 = `haupt.aux'.

LaTeX Font Info:    Checking defaults for OML/cmm/m/it on input line 299.
LaTeX Font Info:    ... okay on input line 299.
LaTeX Font Info:    Checking defaults for T1/cmr/m/n on input line 299.
LaTeX Font Info:    ... okay on input line 299.
LaTeX Font Info:    Checking defaults for OT1/cmr/m/n on input line 299.
LaTeX Font Info:    ... okay on input line 299.
LaTeX Font Info:    Checking defaults for OMS/cmsy/m/n on input line 299.
LaTeX Font Info:    ... okay on input line 299.
LaTeX Font Info:    Checking defaults for OMX/cmex/m/n on input line 299.
LaTeX Font Info:    ... okay on input line 299.
LaTeX Font Info:    Checking defaults for U/cmr/m/n on input line 299.
LaTeX Font Info:    ... okay on input line 299.
LaTeX Font Info:    Checking defaults for TS1/cmr/m/n on input line 299.
LaTeX Font Info:    Try loading font information for TS1+cmr on input line 299.


(/usr/local/texlive/2016/texmf-dist/tex/latex/base/ts1cmr.fd
File: ts1cmr.fd 2014/09/29 v2.5h Standard LaTeX font definitions
)
LaTeX Font Info:    ... okay on input line 299.
LaTeX Font Info:    Try loading font information for OT1+ptm on input line 299.


(/usr/local/texlive/2016/texmf-dist/tex/latex/psnfss/ot1ptm.fd
File: ot1ptm.fd 2001/06/04 font definitions for OT1/ptm.
)
File: cover.eps Graphic file (type eps)
 <cover.eps>
Overfull \hbox (74.72552pt too wide) in paragraph at lines 310--316
[]\OT1/ptm/m/n/12 0.4pt 0pt [] 
 []

[1

]
LaTeX Font Info:    Font shape `OT1/ptm/bx/n' in size <12> not available
(Font)              Font shape `OT1/ptm/b/n' tried instead on input line 319.
 [2

]
LaTeX Font Info:    Font shape `OT1/ptm/bx/n' in size <24.88> not available
(Font)              Font shape `OT1/ptm/b/n' tried instead on input line 332.
LaTeX Font Info:    Font shape `OT1/ptm/bx/n' in size <17.28> not available
(Font)              Font shape `OT1/ptm/b/n' tried instead on input line 340.
 [3

] [4

]
Overfull \hbox (37.52966pt too wide) in paragraph at lines 354--357
[][] []
 []


Underfull \hbox (badness 10000) in paragraph at lines 354--357

 []

\c@pgcntr=\count119
LaTeX Font Info:    Try loading font information for U+msa on input line 366.
(/usr/local/texlive/2016/texmf-dist/tex/latex/amsfonts/umsa.fd
File: umsa.fd 2013/01/14 v3.01 AMS symbols A
)
LaTeX Font Info:    Try loading font information for U+msb on input line 366.

(/usr/local/texlive/2016/texmf-dist/tex/latex/amsfonts/umsb.fd
File: umsb.fd 2013/01/14 v3.01 AMS symbols B
) [5]
\openout2 = `main.aux'.

 (./main.tex
LaTeX Font Info:    Font shape `OT1/ptm/bx/n' in size <14.4> not available
(Font)              Font shape `OT1/ptm/b/n' tried instead on input line 10.

Underfull \hbox (badness 10000) in paragraph at lines 54--66

 []


Underfull \hbox (badness 10000) in paragraph at lines 67--72

 []


Underfull \vbox (badness 10000) has occurred while \output is active []



Package Fancyhdr Warning: \headheight is too small (12.0pt): 
 Make it at least 14.49998pt.
 We now make it that large for the rest of the document.
 This may cause the page layout to be inconsistent, however.

[6


]
Underfull \vbox (badness 1281) has occurred while \output is active []

 [7]
LaTeX Font Info:    Font shape `OT1/ptm/bx/it' in size <12> not available
(Font)              Font shape `OT1/ptm/b/it' tried instead on input line 153.

[8] [9] [10] [11] [12] [13] [14]
Missing character: There is no ¥ in font ptmr7t!
 [15]
Overfull \hbox (0.15953pt too wide) in paragraph at lines 777--788
\OT1/ptm/m/n/12 How can solid bod-ies grow be-yond about 1 me-ter in size, with
-out get-ting de-stroyed through
 []

[16]
Underfull \hbox (badness 10000) in paragraph at lines 873--874
[]\OT1/ptm/m/it/12 Tscharnuter,
 []


Underfull \hbox (badness 10000) in paragraph at lines 884--885
[]\OT1/ptm/m/it/12 Dullemond,
 []


Underfull \hbox (badness 1205) in paragraph at lines 890--891
[]\OT1/ptm/m/it/12 Trieloff, Al-therr,
 []

File: crosstable.eps Graphic file (type eps)
<crosstable.eps>
File: sizebar.eps Graphic file (type eps)
 <sizebar.eps>

LaTeX Warning: Float too large for page by 19.15778pt on input line 918.

[17] [18] [19] [20] [21] [22] [23] [24]
Overfull \hbox (0.59836pt too wide) in paragraph at lines 1461--1465
[]\OT1/ptm/m/n/12 We in-tend to set up a bi-weekly Forschergruppe-Seminar, us-i
ng video-confe-rencing meth-
 []

[25] [26] [27] [28]
Underfull \hbox (badness 10000) in paragraph at lines 1705--1737

 []


Underfull \hbox (badness 10000) in paragraph at lines 1738--1741

 []


Underfull \hbox (badness 10000) in paragraph at lines 1742--1746

 []


Underfull \hbox (badness 10000) in paragraph at lines 1747--1748

 []

File: signature_kley.eps Graphic file (type eps)
<signature_kley.eps>
File: signature_dul.eps Graphic file (type eps)
 <signature_dul.eps>
File: signature_trie.eps Graphic file (type eps)
 <signature_trie.eps>
Overfull \hbox (45.47043pt too wide) in paragraph at lines 1749--1757
[] 
 []

[29])
\openout2 = `references.aux'.

 (./references.tex
LaTeX Font Info:    Font shape `OT1/ptm/bx/n' in size <10> not available
(Font)              Font shape `OT1/ptm/b/n' tried instead on input line 9.

Overfull \hbox (2.66673pt too wide) in paragraph at lines 22--24
[]\OT1/ptm/m/n/10 Balbus, S. A. and Haw-ley, J. F. (1998) In-sta-bil-ity, tur-b
u-lence and en-hanced trans-port in ac-cre-tion disks, \OT1/ptm/m/it/10 Rev.Mod
.Phys
 []


Underfull \vbox (badness 10000) has occurred while \output is active []

 [30




]
LaTeX Font Info:    Try loading font information for OT1+pcr on input line 179.


(/usr/local/texlive/2016/texmf-dist/tex/latex/psnfss/ot1pcr.fd
File: ot1pcr.fd 2001/06/04 font definitions for OT1/pcr.
)
Underfull \vbox (badness 10000) has occurred while \output is active []

 [31]
Overfull \hbox (7.93579pt too wide) in paragraph at lines 299--302
[]\OT1/ptm/m/n/10 Heim, L.-O., Blum, J., Preuss, M. and Butt, H.-J. (1999) Ad-h
e-sion and Fric-tion Forces Be-tween Spher-i-cal Micrometer-
 []


Underfull \vbox (badness 10000) has occurred while \output is active []

 [32]
Underfull \vbox (badness 10000) has occurred while \output is active []

 [33]
Underfull \vbox (badness 10000) has occurred while \output is active []

 [34]
Overfull \hbox (0.44598pt too wide) in paragraph at lines 731--734
[]\OT1/ptm/m/n/10 Stephan T., Jess-berger E. K., Kl[]ock W., Rulle H., and Zehn
pfen-ning J. (1994a) TOF-SIMS anal-y-sis of in-terplanetary
 []

Missing character: There is no ¬ in font ptmr7t!
Missing character: There is no ¥ in font ptmr7t!

Underfull \vbox (badness 10000) has occurred while \output is active []

 [35])
[36]
Underfull \vbox (badness 10000) has occurred while \output is active []

 [37

]
Underfull \vbox (badness 10000) has occurred while \output is active []

 [38]
[39] [40

]

Package Fancyhdr Warning: \headheight is too small (14.49998pt): 
 Make it at least 15.97067pt.
 We now make it that large for the rest of the document.
 This may cause the page layout to be inconsistent, however.

[41]
\openout2 = `a1.aux'.

 (./a1.tex
LaTeX Font Info:    Try loading font information for OT1+phv on input line 9.
 (/usr/local/texlive/2016/texmf-dist/tex/latex/psnfss/ot1phv.fd
File: ot1phv.fd 2001/06/04 scalable font definitions for OT1/phv.
)
LaTeX Font Info:    Font shape `OT1/phv/bx/n' in size <17.28> not available
(Font)              Font shape `OT1/phv/b/n' tried instead on input line 9.

Underfull \hbox (badness 10000) in paragraph at lines 19--63

 []


Package Fancyhdr Warning: \headheight is too small (15.97067pt): 
 Make it at least 16.25587pt.
 We now make it that large for the rest of the document.
 This may cause the page layout to be inconsistent, however.

[42

] [43] [44] [45]
File: a1fig1a.eps Graphic file (type eps)
 <a1fig1a.eps>
File: a1fig1b.eps Graphic file (type eps)
 <a1fig1b.eps>
LaTeX Font Info:    Font shape `OT1/ptm/bx/n' in size <10.95> not available
(Font)              Font shape `OT1/ptm/b/n' tried instead on input line 308.

Underfull \vbox (badness 10000) has occurred while \output is active []

 [46]
[47]
Underfull \vbox (badness 2478) has occurred while \output is active []

 [48]
Missing character: There is no ¥ in font ptmr7t!
Missing character: There is no ¥ in font ptmr7t!
Missing character: There is no Ë in font ptmr7t!

Overfull \hbox (3.71092pt too wide) in paragraph at lines 509--519
[]\OT1/ptm/m/it/12 Laboratory de-ter-mi-na-tion of pa-ram-e-ters for evap-o-ra-
tion and con-den-sa-tion \OT1/ptm/m/n/12 of dust/minerals
 []

[49]
Overfull \hbox (2.48737pt too wide) in paragraph at lines 549--556
 \OT1/ptm/b/n/12 Amor-phous start-ing ma-te-ri-als:[] \OT1/ptm/m/n/12 We shall 
par-tic-u-larly care for chem-i-cally ho-mo-ge-neous, struc-
 []

[50] [51]
Underfull \vbox (badness 1721) has occurred while \output is active []

 [52]
Overfull \hbox (22.38345pt too wide) in paragraph at lines 752--757
 \OT1/ptm/b/it/12 Sec-ond year[] \OT1/ptm/m/n/12 Prepa-ra-tion of amor-phous st
art-ing ma-te-ri-als on clinopy-rox-ene com-po-si-tions (Ca(Fe,Mg)
 []

[53]
Missing character: There is no È in font ptmr7t!

Underfull \vbox (badness 10000) has occurred while \output is active []

 [54]
Missing character: There is no È in font ptmr7t!
Missing character: There is no ∞ in font ptmr7t!

Underfull \vbox (badness 10000) has occurred while \output is active []

 [55]
Overfull \hbox (0.94434pt too wide) in paragraph at lines 1010--1013
[]\OT1/ptm/m/n/10 Reynard, B. (1991) Single-crystal in-frared re-flec-tiv-ity o
f pure Mg$[]$SiO$[]$ forsterite and (Mg0.86,Fe0.14)2SiO$[]$ olivine
 []


Underfull \vbox (badness 10000) has occurred while \output is active []

 [56]
[57]
Overfull \hbox (14.57089pt too wide) in paragraph at lines 1168--1171
\OT1/ptm/m/n/12 Scientist in the high-pressure high-temperature lab-o-ra-tory: 
As-sis-tance dur-ing high-temperature
 []


Underfull \vbox (badness 5711) has occurred while \output is active []

 [58]
[59]
Overfull \hbox (5.04979pt too wide) in paragraph at lines 1295--1295
[]$[]$| 
 []


Overfull \hbox (4.93185pt too wide) in paragraph at lines 1296--1296
[]\OT1/ptm/b/n/12 EUR| 
 []


Overfull \hbox (3.77466pt too wide) in paragraph at lines 1291--1299
[] 
 []


Overfull \hbox (5.04979pt too wide) in paragraph at lines 1303--1303
[]$[]$| 
 []


Overfull \hbox (5.04979pt too wide) in paragraph at lines 1305--1305
[]$[]$| 
 []


Underfull \hbox (badness 1360) in paragraph at lines 1306--1307
[]\OT1/ptm/m/n/12 Glass ware, chem-i-cal agents for sam-ple pu-rifi-ca-tion (et
hanole,
 []


Overfull \hbox (5.04979pt too wide) in paragraph at lines 1307--1307
[]$[]$| 
 []


Overfull \hbox (5.04979pt too wide) in paragraph at lines 1308--1308
[]$[]$| 
 []


Overfull \hbox (5.04979pt too wide) in paragraph at lines 1310--1310
[]$[]$| 
 []


Overfull \hbox (5.04979pt too wide) in paragraph at lines 1311--1311
[]$[]$| 
 []


Overfull \hbox (5.04979pt too wide) in paragraph at lines 1312--1312
[]$[]$| 
 []


Overfull \hbox (4.93185pt too wide) in paragraph at lines 1313--1313
[]\OT1/ptm/b/n/12 EUR| 
 []


Overfull \hbox (3.77466pt too wide) in paragraph at lines 1300--1315
[] 
 []


Overfull \hbox (5.04979pt too wide) in paragraph at lines 1319--1319
[]$[]$| 
 []

Missing character: There is no Ä in font ptmr7t!
Missing character: There is no Ä in font ptmr7t!

Overfull \hbox (5.04979pt too wide) in paragraph at lines 1321--1321
[]$[]$| 
 []


Overfull \hbox (5.04979pt too wide) in paragraph at lines 1322--1322
[]$[]$| 
 []


Overfull \hbox (5.04979pt too wide) in paragraph at lines 1323--1323
[]$[]$| 
 []


Overfull \hbox (5.04979pt too wide) in paragraph at lines 1325--1325
[]$[]$| 
 []


Overfull \hbox (4.93185pt too wide) in paragraph at lines 1326--1326
[]\OT1/ptm/b/n/12 EUR| 
 []


Overfull \hbox (4.75429pt too wide) in paragraph at lines 1317--1328
[]\OT1/ptm/b/n/12 Experiments in the high-temperature lab-o-ra-tory at the Min-
er-alog-i-cal In-sti-tute (Group
 []


Overfull \hbox (3.77466pt too wide) in paragraph at lines 1317--1328
[] 
 []


Underfull \vbox (badness 10000) has occurred while \output is active []

 [60]
Overfull \hbox (5.04979pt too wide) in paragraph at lines 1332--1332
[]$[]$| 
 []


Overfull \hbox (4.93185pt too wide) in paragraph at lines 1335--1335
[]\OT1/ptm/b/n/12 EUR| 
 []


Overfull \hbox (3.77466pt too wide) in paragraph at lines 1329--1337
[] 
 []


Overfull \hbox (5.04979pt too wide) in paragraph at lines 1342--1342
[]$[]$| 
 []


Overfull \hbox (4.93185pt too wide) in paragraph at lines 1343--1343
[]\OT1/ptm/b/n/12 EUR| 
 []


Overfull \hbox (3.77466pt too wide) in paragraph at lines 1338--1345
[] 
 []


Overfull \hbox (4.93185pt too wide) in paragraph at lines 1349--1349
[]\OT1/ptm/b/n/12 EUR| 
 []


Overfull \hbox (4.93185pt too wide) in paragraph at lines 1351--1351
[]\OT1/ptm/b/n/12 EUR| 
 []


Overfull \hbox (3.77466pt too wide) in paragraph at lines 1346--1354
[][] 
 []


Underfull \hbox (badness 1210) in paragraph at lines 1364--1368
[]\OT1/ptm/m/n/12 PhD stu-dent 1 will have to spend 3 times 1 week in Bochum (S
.
 []


Overfull \hbox (5.04979pt too wide) in paragraph at lines 1368--1368
[]$[]$| 
 []


Overfull \hbox (5.04979pt too wide) in paragraph at lines 1373--1373
[]$[]$| 
 []


Underfull \hbox (badness 10000) in paragraph at lines 1375--1379
[]\OT1/ptm/m/n/12 PhD stu-dent 2 will visit Tokyo Uni-ver-sity (H. Na-ga-hara) 
to
 []


Underfull \hbox (badness 10000) in paragraph at lines 1375--1379
\OT1/ptm/m/n/12 check ex-per-i-men-tal setup of evap-o-ra-tion ex-per-i-ments, 
and con-
 []


Underfull \hbox (badness 2096) in paragraph at lines 1375--1379
\OT1/ptm/m/n/12 duct test runs in prepa-ra-tion for the Hei-del-berg setup 10 d
ays $\OMS/cmsy/m/n/12 ^^B$
 []


Overfull \hbox (5.04979pt too wide) in paragraph at lines 1379--1379
[]$[]$| 
 []


Overfull \hbox (4.93185pt too wide) in paragraph at lines 1381--1381
[]\OT1/ptm/b/n/12 EUR| 
 []


Underfull \hbox (badness 1406) in paragraph at lines 1383--1386
[]\OT1/ptm/m/n/12 PhD stu-dent 1 will spend about 3x 4 days in Jena (H. Mutschk
e,
 []


Underfull \hbox (badness 10000) in paragraph at lines 1383--1386
\OT1/ptm/m/n/12 C. J[]ager) to ex-change and dis-cuss re-sults. (12 days $\OMS/
cmsy/m/n/12 ^^B$
 []


Overfull \hbox (5.04979pt too wide) in paragraph at lines 1386--1386
[]$[]$| 
 []


Overfull \hbox (4.93185pt too wide) in paragraph at lines 1388--1388
[]\OT1/ptm/b/n/12 EUR| 
 []


Overfull \hbox (4.39996pt too wide) in paragraph at lines 1363--1390
[] 
 []


Overfull \hbox (5.04979pt too wide) in paragraph at lines 1407--1407
[]$[]$| 
 []


Overfull \hbox (5.04979pt too wide) in paragraph at lines 1411--1411
[]$[]$| 
 []


Overfull \hbox (5.04979pt too wide) in paragraph at lines 1417--1417
[]$[]$| 
 []


Overfull \hbox (4.93185pt too wide) in paragraph at lines 1419--1419
[]\OT1/ptm/b/n/12 EUR| 
 []


Overfull \hbox (4.39996pt too wide) in paragraph at lines 1403--1421
[] 
 []


Underfull \vbox (badness 10000) has occurred while \output is active []

 [61]
Overfull \hbox (5.04979pt too wide) in paragraph at lines 1427--1427
[]$[]$| 
 []


Overfull \hbox (5.04979pt too wide) in paragraph at lines 1431--1431
[]$[]$| 
 []


Overfull \hbox (5.04979pt too wide) in paragraph at lines 1434--1434
[]$[]$| 
 []


Overfull \hbox (5.04979pt too wide) in paragraph at lines 1438--1438
[]$[]$| 
 []


Overfull \hbox (5.04979pt too wide) in paragraph at lines 1441--1441
[]$[]$| 
 []


Overfull \hbox (4.93185pt too wide) in paragraph at lines 1443--1443
[]\OT1/ptm/b/n/12 EUR| 
 []


Overfull \hbox (4.39996pt too wide) in paragraph at lines 1423--1445
[] 
 []


Overfull \hbox (5.04979pt too wide) in paragraph at lines 1448--1448
[]$[]$| 
 []


Overfull \hbox (5.04979pt too wide) in paragraph at lines 1451--1451
[]$[]$| 
 []


Overfull \hbox (5.04979pt too wide) in paragraph at lines 1454--1454
[]$[]$| 
 []


Overfull \hbox (4.93185pt too wide) in paragraph at lines 1456--1456
[]\OT1/ptm/b/n/12 EUR| 
 []


Overfull \hbox (4.39996pt too wide) in paragraph at lines 1446--1458
[] 
 []

[62]
Missing character: There is no ∞ in font ptmr7t!
Missing character: There is no ∞ in font ptmr7t!
) [63] [64


]
\openout2 = `a2.aux'.

 (./a2.tex
Underfull \hbox (badness 10000) in paragraph at lines 19--69

 []


Underfull \vbox (badness 6758) has occurred while \output is active []

 [65

]
Underfull \vbox (badness 10000) has occurred while \output is active []

 [66]
[67] [68] [69] [70] [71] [72]
Underfull \vbox (badness 10000) has occurred while \output is active []

 [73]
Underfull \vbox (badness 1796) has occurred while \output is active []

 [74]
Underfull \vbox (badness 1721) has occurred while \output is active []

 [75]
[76] [77] [78] [79] [80]
Underfull \vbox (badness 10000) has occurred while \output is active []

 [81]
Underfull \vbox (badness 10000) has occurred while \output is active []

 [82]
Overfull \hbox (21.42392pt too wide) in paragraph at lines 1643--1647
\OT1/ptm/m/n/12 Laboratory in-ves-ti-ga-tions of an-neal-ing of amor-phous ma-t
e-ri-als and of va-por-iza-tion/condensation
 []


Underfull \vbox (badness 10000) has occurred while \output is active []

 [83]
Underfull \hbox (badness 10000) in paragraph at lines 1732--1737

 []


Underfull \hbox (badness 10000) in paragraph at lines 1755--1765

 []


Underfull \vbox (badness 10000) has occurred while \output is active []

 [84]
Underfull \hbox (badness 10000) in paragraph at lines 1783--1784

 []

) [85] [86


]
\openout2 = `b1.aux'.

 (./b1.tex
Underfull \hbox (badness 10000) in paragraph at lines 19--46

 []


Underfull \vbox (badness 10000) has occurred while \output is active []

 [87

]
[88]
Underfull \vbox (badness 1769) has occurred while \output is active []

 [89]
Overfull \hbox (6.04582pt too wide) in paragraph at lines 258--281
[]\OT1/ptm/m/n/12 The for-ma-tion of mono-lithic, macro-scopic, high-porosity d
ust ag-gre-gates (Blum & Schr[]ap-
 []


Underfull \vbox (badness 1331) has occurred while \output is active []

 [90]
Overfull \hbox (3.02753pt too wide) in paragraph at lines 313--321
\OT1/ptm/m/n/12 the tar-get ag-glom-er-ate by knock-ing out other dust par-ti-c
les (which can also carry elec-tric charges).
 []

File: b1fig1.eps Graphic file (type eps)
<b1fig1.eps>
Underfull \vbox (badness 1939) has occurred while \output is active []

 [91]
Overfull \hbox (7.93579pt too wide) in paragraph at lines 380--383
[]\OT1/ptm/m/n/10 Heim, L.-O., Blum, J., Preuss, M. and Butt, H.-J. (1999) Ad-h
e-sion and Fric-tion Forces Be-tween Spher-i-cal Micrometer-
 []


Underfull \vbox (badness 10000) has occurred while \output is active []

 [92]
Underfull \vbox (badness 6978) has occurred while \output is active []

 [93]
Underfull \vbox (badness 1360) has occurred while \output is active []

 [94]
[95] [96]
Overfull \hbox (7.93579pt too wide) in paragraph at lines 760--763
[]\OT1/ptm/m/n/10 Heim, L.-O., Blum, J., Preuss, M. and Butt, H.-J. (1999) Ad-h
e-sion and Fric-tion Forces Be-tween Spher-i-cal Micrometer-
 []


Underfull \vbox (badness 10000) has occurred while \output is active []

 [97]
Underfull \vbox (badness 10000) has occurred while \output is active []

 [98]
Underfull \hbox (badness 10000) in paragraph at lines 1028--1036

 []


Underfull \vbox (badness 10000) has occurred while \output is active []

 [99]
Underfull \vbox (badness 10000) has occurred while \output is active []

 [100]
[101]) [102]
\openout2 = `b2.aux'.

 (./b2.tex
Underfull \hbox (badness 10000) in paragraph at lines 18--44

 []

[103



]
File: b2fig1.eps Graphic file (type eps)
 <b2fig1.eps> [104] [105] [106]
File: b2fig2.eps Graphic file (type eps)
 <b2fig2.eps> [107] [108]
File: b2fig3.eps Graphic file (type eps)
 <b2fig3.eps>
[109] [110] [111]
Underfull \vbox (badness 6910) has occurred while \output is active []

 [112]
Underfull \hbox (badness 10000) in paragraph at lines 718--720

 []

[113]) [114]
\openout2 = `b3.aux'.

 (./b3.tex
Missing character: There is no ‰ in font ptmr7t!
 [115



] [116]
Underfull \vbox (badness 2600) has occurred while \output is active []

 [117]
[118]
Overfull \hbox (7.93579pt too wide) in paragraph at lines 309--312
[]\OT1/ptm/m/n/10 Heim, L.-O., Blum, J., Preuss, M. and Butt, H.-J. (1999) Ad-h
e-sion and Fric-tion Forces Be-tween Spher-i-cal Micrometer-
 []

Missing character: There is no ¥ in font ptmr7t!
Missing character: There is no ñ in font ptmri7t!
Missing character: There is no ¥ in font ptmr7t!

Underfull \vbox (badness 2503) has occurred while \output is active []

 [119]
Overfull \hbox (4.61139pt too wide) in paragraph at lines 461--468
\OT1/ptm/m/n/12 We will con-cen-trate on the three most abun-dant grain ma-te-r
i-als that are pre-dicted by condensation-
 []

[120]
Missing character: There is no ñ in font ptmr7t!
 [121]
Overfull \hbox (7.74431pt too wide) in paragraph at lines 620--626
\OT1/ptm/m/n/12 me-ter-sized dust grains will be con-ducted for ve-loc-i-ties $
\U/msa/m/n/12 . \OT1/cmr/m/n/12 50$ \OT1/ptm/m/n/12 m/s and tem-per-a-tures $\O
T1/cmr/m/n/12 300 [] 1\OML/cmm/m/it/12 ; \OT1/cmr/m/n/12 300$ \OT1/ptm/m/n/12 K

 []

[122]
Overfull \hbox (7.93579pt too wide) in paragraph at lines 688--691
[]\OT1/ptm/m/n/10 Heim, L.-O., Blum, J., Preuss, M. and Butt, H.-J. (1999) Ad-h
e-sion and Fric-tion Forces Be-tween Spher-i-cal Micrometer-
 []

Missing character: There is no ‰ in font ptmr7t!

Underfull \vbox (badness 1215) has occurred while \output is active []

 [123]
Missing character: There is no ¥ in font ptmr7t!
Missing character: There is no ñ in font ptmri7t!

Underfull \vbox (badness 10000) has occurred while \output is active []

 [124]
Underfull \vbox (badness 10000) has occurred while \output is active []

 [125]
[126] [127] [128]) [129] [130


]
\openout2 = `b4.aux'.

 (./b4.tex [131

] [132] [133] [134]
File: b4fig1.eps Graphic file (type eps)
 <b4fig1.eps>
File: b4fig2.eps Graphic file (type eps)

<b4fig2.eps> [135] [136] [137] [138] [139]
Underfull \vbox (badness 2753) has occurred while \output is active []

 [140]
[141]) [142]
\openout2 = `c1.aux'.

 (./c1.tex
Underfull \vbox (badness 10000) has occurred while \output is active []

 [143



]
[144] [145]
File: c1fig1.eps Graphic file (type eps)
 <c1fig1.eps> [146] [147] [148]
Overfull \hbox (5.73338pt too wide) in paragraph at lines 348--370
[]\OT1/ptm/m/n/12 Modern global ac-cre-tion disk sim-u-la-tions rely on magneto
-hydrodynamical ef-fects. Within
 []

File: c1fig2.eps Graphic file (type eps)
<c1fig2.eps>
Overfull \hbox (9.7957pt too wide) in paragraph at lines 429--433
[]\OT1/ptm/m/n/10 G[]unther, R. (2004) Three-Dimensional Par-al-lel Hy-dro-dy-n
am-ics and As-tro-phys-i-cal Ap-pli-ca-tions, Phd-thesis, Eberhard-
 []

[149]
Underfull \vbox (badness 10000) has occurred while \output is active []

 [150]
[151]
Underfull \vbox (badness 10000) has occurred while \output is active []

 [152]
[153] [154] [155] [156] [157]
Underfull \vbox (badness 5711) has occurred while \output is active []

 [158]
Overfull \hbox (5.84784pt too wide) in paragraph at lines 1112--1117
\OT1/ptm/m/n/12 widespread ex-pe-ri-ence in par-al-lel com-put-ing for shared m
em-ory ar-chi-tec-tures us-ing OpenMP
 []


Underfull \vbox (badness 10000) has occurred while \output is active []

 [159]
Underfull \hbox (badness 10000) in paragraph at lines 1164--1185

 []

[160]) [161] [162


]
\openout2 = `c2.aux'.

 (./c2.tex
Underfull \hbox (badness 10000) in paragraph at lines 18--43

 []

[163

] [164] [165] [166] [167] [168] [169]
Overfull \hbox (7.74455pt too wide) in paragraph at lines 591--595
[]\OT1/ptm/m/n/12 Provide feed-back to the above men-tioned projects: which new
 ex-per-i-ments/simulations
 []

[170] [171]
Overfull \hbox (6.78288pt too wide) in paragraph at lines 677--690
[]\OT1/ptm/m/n/12 A 1+1D sed-i-men-ta-tion/aggregation/fragmentation code (Dull
e-mond & Do-minik 2004b,2005;
 []

File: c2fig1.eps Graphic file (type eps)
<c2fig1.eps>
Underfull \vbox (badness 10000) has occurred while \output is active []

 [172]
[173] [174] [175] [176]
Overfull \hbox (1.97081pt too wide) in paragraph at lines 1031--1041
[]\OT1/ptm/m/n/12 Once first model re-sults have been made with this newly con-
structed ag-gre-ga-tion / fragmen-
 []

[177] [178]
Underfull \vbox (badness 10000) has occurred while \output is active []

 [179]
Overfull \hbox (0.19691pt too wide) in paragraph at lines 1314--1319
[]\OT1/ptm/m/n/10 Nakasawa, M., Thommes, E.W., Kenyon, S.J., Brom-ley, B.C. & L
in, D.N.C. (2006) The di-verse ori-gins of terrestrial-
 []


Underfull \vbox (badness 10000) has occurred while \output is active []

 [180]
Underfull \vbox (badness 10000) has occurred while \output is active []

 [181]
Underfull \hbox (badness 10000) in paragraph at lines 1523--1535

 []

) [182]
\openout2 = `d1.aux'.

 (./d1.tex
Missing character: There is no ﬂ in font ptmr7t!
 [183



] [184]
Missing character: There is no Ë in font ptmr7t!

Underfull \vbox (badness 1231) has occurred while \output is active []

 [185]
Missing character: There is no Ë in font ptmr7t!
Missing character: There is no Ë in font ptmr7t!

[186]
Missing character: There is no ∞ in font ptmr7t!
Missing character: There is no ∞ in font ptmr7t!
Missing character: There is no ñ in font ptmr7t!
Missing character: There is no ñ in font ptmr7t!
Missing character: There is no ∞ in font ptmr7t!
Missing character: There is no ∞ in font ptmr7t!
Missing character: There is no ñ in font ptmr7t!
Missing character: There is no ñ in font ptmr7t!
Missing character: There is no ñ in font ptmr7t!
 [187]
Missing character: There is no ñ in font ptmr7t!
Missing character: There is no ñ in font ptmr7t!
Missing character: There is no ñ in font ptmr7t!
 [188]
File: d1fig1.eps Graphic file (type eps)
 <d1fig1.eps>
Underfull \vbox (badness 10000) has occurred while \output is active []

 [189]
Underfull \vbox (badness 1281) has occurred while \output is active []

 [190]
Missing character: There is no í in font ptmr7t!

[191]
Overfull \hbox (3.76483pt too wide) in paragraph at lines 552--553
[]\OT1/ptm/m/n/10 Paquin J, Al-therr R (2002) Subduction-related lithium meta-s
o-ma-tism dur-ing ex-huma-tion of the Alpe Arami ultrahigh-
 []

Missing character: There is no ñ in font ptmr7t!
Missing character: There is no ñ in font ptmr7t!
Missing character: There is no ñ in font ptmr7t!
Missing character: There is no ñ in font ptmr7t!
Missing character: There is no ¥ in font ptmr7t!
Missing character: There is no È in font ptmr7t!
Missing character: There is no È in font ptmr7t!
Missing character: There is no Ë in font ptmr7t!
Missing character: There is no È in font ptmr7t!
Missing character: There is no ¥ in font ptmr7t!
Missing character: There is no Ë in font ptmr7t!

Underfull \vbox (badness 10000) has occurred while \output is active []

 [192]
[193]
Missing character: There is no ∞ in font ptmr7t!
Missing character: There is no ∞ in font ptmr7t!
 [194]
Missing character: There is no ñ in font ptmr7t!
 [195]
Underfull \vbox (badness 10000) has occurred while \output is active []

 [196]
Missing character: There is no ¥ in font ptmr7t!

Overfull \hbox (4.45518pt too wide) in paragraph at lines 827--828
[]\OT1/ptm/m/n/10 van Schmus W.R. and Wood J.A. (1967). A chemical-petrologic c
las-si-fi-ca-tion for the chon-dritic me-te-orites. \OT1/ptm/m/it/10 Geochim.
 []


Underfull \vbox (badness 10000) has occurred while \output is active []

 [197]
Missing character: There is no ˆ in font ptmr7t!
Missing character: There is no í in font ptmb7t!

[198]
Missing character: There is no í in font ptmb7t!

Underfull \hbox (badness 10000) in paragraph at lines 956--957

 []


Underfull \hbox (badness 10000) in paragraph at lines 962--964

 []

Missing character: There is no í in font ptmr7t!
Missing character: There is no ñ in font ptmr7t!
Missing character: There is no ¸ in font ptmr7t!
[199]
Overfull \hbox (5.04979pt too wide) in paragraph at lines 1009--1009
[]$[]$| 
 []


Overfull \hbox (5.04979pt too wide) in paragraph at lines 1011--1011
[]$[]$| 
 []


Overfull \hbox (5.04979pt too wide) in paragraph at lines 1013--1013
[]$[]$| 
 []


Overfull \hbox (5.04979pt too wide) in paragraph at lines 1018--1018
[]$[]$| 
 []


Overfull \hbox (5.04979pt too wide) in paragraph at lines 1020--1020
[]$[]$| 
 []


Overfull \hbox (5.04979pt too wide) in paragraph at lines 1022--1022
[]$[]$| 
 []


Overfull \hbox (5.04979pt too wide) in paragraph at lines 1024--1024
[]$[]$| 
 []


Overfull \hbox (5.04979pt too wide) in paragraph at lines 1025--1025
[]$[]$| 
 []


Overfull \hbox (4.93185pt too wide) in paragraph at lines 1026--1026
[]\OT1/ptm/b/n/12 EUR| 
 []


Overfull \hbox (3.77466pt too wide) in paragraph at lines 1006--1028
[] 
 []


Overfull \hbox (5.04979pt too wide) in paragraph at lines 1032--1032
[]$[]$| 
 []


Overfull \hbox (5.04979pt too wide) in paragraph at lines 1034--1034
[]$[]$| 
 []


Overfull \hbox (4.93185pt too wide) in paragraph at lines 1035--1035
[]\OT1/ptm/b/n/12 EUR| 
 []


Overfull \hbox (4.93185pt too wide) in paragraph at lines 1041--1041
[]\OT1/ptm/b/n/12 EUR| 
 []


Overfull \hbox (4.93185pt too wide) in paragraph at lines 1043--1043
[]\OT1/ptm/b/n/12 EUR| 
 []


Overfull \hbox (3.77466pt too wide) in paragraph at lines 1028--1046
[]
 []


Overfull \hbox (3.77466pt too wide) in paragraph at lines 1028--1046
[] 
 []

Missing character: There is no Ä in font ptmr7t!
Missing character: There is no Ä in font ptmr7t!
Missing character: There is no Ä in font ptmr7t!

Overfull \hbox (5.04979pt too wide) in paragraph at lines 1068--1068
[]$[]$| 
 []

Missing character: There is no Ä in font ptmr7t!
Missing character: There is no Ä in font ptmr7t!
Missing character: There is no Ä in font ptmr7t!

Overfull \hbox (5.04979pt too wide) in paragraph at lines 1072--1072
[]$[]$| 
 []


Overfull \hbox (4.93185pt too wide) in paragraph at lines 1073--1073
[]\OT1/ptm/b/n/12 EUR| 
 []

Missing character: There is no Ä in font ptmr7t!
Missing character: There is no Ä in font ptmr7t!
Missing character: There is no Ä in font ptmr7t!

Overfull \hbox (5.04979pt too wide) in paragraph at lines 1077--1077
[]$[]$| 
 []


Overfull \hbox (4.93185pt too wide) in paragraph at lines 1078--1078
[]\OT1/ptm/b/n/12 EUR| 
 []


Overfull \hbox (4.39996pt too wide) in paragraph at lines 1064--1080
[] 
 []


Underfull \vbox (badness 10000) has occurred while \output is active []

 [200]
Missing character: There is no Ä in font ptmr7t!

Overfull \hbox (5.04979pt too wide) in paragraph at lines 1088--1088
[]$[]$| 
 []


Overfull \hbox (4.39996pt too wide) in paragraph at lines 1086--1090
[] 
 []


Underfull \hbox (badness 10000) in paragraph at lines 1109--1110

 []

[201]
Overfull \hbox (10.46548pt too wide) in paragraph at lines 1127--1128
[]\OT1/ptm/m/n/12 JSM 6300F field-emission scan-ning elec-tron mi-cro-scope wit
h EDS and cathodolu-minescence 
 []

) [202]
\openout2 = `d2.aux'.

 (./d2.tex
Underfull \hbox (badness 10000) in paragraph at lines 19--45

 []

[203



]
Overfull \hbox (3.0518pt too wide) in paragraph at lines 79--95
\OT1/ptm/m/n/12 hand aus-gew[]ahlter Beobach-tungsgr[]o^^Yen beschreiben l[]a^^
Yt. Im zweiten Ab-schnitt sollen die Ergeb-
 []

[204] [205] [206]
File: d2fig1a.eps Graphic file (type eps)
 <d2fig1a.eps>
File: d2fig1b.eps Graphic file (type eps)
 <d2fig1b.eps> [207]
Underfull \vbox (badness 3838) has occurred while \output is active []

 [208]
[209]
Underfull \vbox (badness 10000) has occurred while \output is active []

 [210]
Overfull \hbox (5.59563pt too wide) in paragraph at lines 778--781
[]\OT1/ptm/m/n/10 Wolf, S. (2001a) Drei-di-men-sion-aler Kon-tin-u-umsstrahlung
strans-port basierend auf der Monte-Carlo-Methode. Grund-
 []

[211] [212] [213] [214] [215] [216] [217]
Missing character: There is no Å in font ptmr7t!
Missing character: There is no Ì in font ptmr7t!

Underfull \vbox (badness 10000) has occurred while \output is active []

 [218]
Underfull \vbox (badness 10000) has occurred while \output is active []

 [219]
Underfull \vbox (badness 10000) has occurred while \output is active []

 [220])
[221] [222


]
\openout2 = `p.aux'.

 (./p.tex [223

] [224]
Overfull \hbox (4.69617pt too wide) in paragraph at lines 193--196
[]\OT1/ptm/m/n/12 Research achieve-ments in iso-tope ge-ol-ogy, cos-mo-chem-ist
ry, iso-tope geo- and cos-mochronol-
 []

[225]) [226]
\openout2 = `z.aux'.

 (./z.tex
Underfull \hbox (badness 10000) in paragraph at lines 59--71

 []

[227



]
Underfull \hbox (badness 10000) in paragraph at lines 72--92

 []


Underfull \hbox (badness 10000) in paragraph at lines 97--106

 []


Underfull \hbox (badness 10000) in paragraph at lines 106--114

 []


Underfull \hbox (badness 10000) in paragraph at lines 114--125

 []


Underfull \hbox (badness 10000) in paragraph at lines 125--131

 []

[228]
Underfull \hbox (badness 10000) in paragraph at lines 132--140

 []


Underfull \hbox (badness 10000) in paragraph at lines 140--149

 []

) [229] [230


] [231] [232

]
\openout2 = `cv.aux'.

 (./cv.tex
Overfull \hbox (0.20892pt too wide) in paragraph at lines 45--49
\OT1/ptm/m/n/12 Habilitation (1982), Fac-ulty of Sci-ences, Uni-ver-sity of Bra
un-schweig 
 []


Underfull \vbox (badness 10000) has occurred while \output is active []

 [233

]
Missing character: There is no ‚ in font ptmr7t!
Missing character: There is no Ä in font ptmr7t!

Underfull \vbox (badness 5417) has occurred while \output is active []

 [234]
[235] [236

]
Overfull \hbox (13.92374pt too wide) in paragraph at lines 283--287
[]\OT1/ptm/m/n/12 Institute for Geo-physics and Ex-trater-res-trial Physics, TU
 Braun-schweig,
 []


Overfull \hbox (10.92374pt too wide) in paragraph at lines 303--311
\OT1/ptm/m/n/12 Institute for Geo-physics and Ex-trater-res-trial Physics, TU B
raun-schweig
 []

[237]
Missing character: There is no ‰ in font ptmr7t!
Missing character: There is no ≠ in font ptmr7t!
 [238]
Underfull \hbox (badness 10000) in paragraph at lines 453--457

 []

[239

]
Underfull \vbox (badness 10000) has occurred while \output is active []

 [240]
[241] [242

] [243] [244]
Underfull \hbox (badness 10000) in paragraph at lines 854--857

 []


Overfull \hbox (1.92482pt too wide) in paragraph at lines 858--877
\OT1/ptm/m/n/12 Professor for As-tro-physics, Friedrich-Schiller Uni-ver-sity, 
Jena (1992-
 []


Underfull \vbox (badness 10000) has occurred while \output is active []

 [245

]
Overfull \hbox (4.6779pt too wide) in paragraph at lines 981--985
[]\OT1/ptm/m/n/10 Schreyer, K., Hen-ning, Th., van der Tak, F.F.S., Boon-man, A
.M.S., van Dishoek, E.F. (2002) The Young Intermediate-
 []


Underfull \vbox (badness 5939) has occurred while \output is active []

 [246]
Underfull \vbox (badness 10000) has occurred while \output is active []

 [247]
Underfull \vbox (badness 10000) has occurred while \output is active []

 [248]
Underfull \vbox (badness 10000) has occurred while \output is active []

 [249]
[250]
Underfull \hbox (badness 10000) in paragraph at lines 1380--1383

 []


Underfull \hbox (badness 10000) in paragraph at lines 1384--1388

 []


Underfull \hbox (badness 10000) in paragraph at lines 1389--1390

 []

[251

]
Missing character: There is no ’ in font ptmr7t!
 [252] [253

] [254]
Overfull \hbox (8.40543pt too wide) in paragraph at lines 1642--1655
\OT1/ptm/m/n/12 Member of Cu-ra-to-rium of the Ge-o-ForschungsZen-trum Pots-dam
 (1999-
 []


Overfull \hbox (1.94824pt too wide) in paragraph at lines 1642--1655
\OT1/ptm/m/n/12 Member Se-lec-tion Com-mit-tee for the Min-er-alog-i-cal So-ci-
ety of Amer-
 []


Overfull \hbox (27.17139pt too wide) in paragraph at lines 1668--1670
 \OT1/ptm/b/it/12 De-vel-op-ment and im-prove-ment of geothermo-barometers for 
the Earth and the Moon: \OT1/ptm/m/n/12 Temperature-
 []

[255

] [256]
Underfull \hbox (badness 10000) in paragraph at lines 1736--1741

 []


Underfull \hbox (badness 10000) in paragraph at lines 1742--1747

 []


Underfull \hbox (badness 10000) in paragraph at lines 1749--1750

 []

Missing character: There is no ß in font ptmr7t!
[257

]
Missing character: There is no – in font ptmr7t!
 [258] [259

] [260

]
Overfull \hbox (9.92934pt too wide) in paragraph at lines 2006--2013
\OT1/ptm/m/n/12 Studium der Physik und der As-tronomie, Uni-ver-sit[]at Hei-del
-berg (1982-
 []


Overfull \hbox (1.43262pt too wide) in paragraph at lines 2006--2013
\OT1/ptm/m/n/12 Diplom in Physik am Max-Planck-Institut f[]ur Kern-physik/Unive
rsit[]at
 []


Overfull \hbox (15.43654pt too wide) in paragraph at lines 2006--2013
\OT1/ptm/m/n/12 Promotion in Physik am Max-Planck-Institut f[]ur Kern-physik/Un
iversit[]at
 []

Missing character: There is no ñ in font ptmr7t!

Overfull \hbox (24.49527pt too wide) in paragraph at lines 2014--2021
\OT1/ptm/m/n/12 Wissenschaftlicher As-sis-tent In-sti-tut f[]ur Plan-e-tolo-gie
, Uni-ver-sit[]at M[]unster
 []

Missing character: There is no ü in font ptmr7t!
Missing character: There is no Å in font ptmr7t!
[261] [262]
Underfull \hbox (badness 10000) in paragraph at lines 2102--2108

 []

Missing character: There is no ¥ in font ptmr7t!
Missing character: There is no ¥ in font ptmr7t!
Missing character: There is no ¥ in font ptmr7t!
Missing character: There is no ‚ in font ptmr7t!
Missing character: There is no Ä in font ptmr7t!
[263

]
Missing character: There is no ¬ in font ptmr7t!
Missing character: There is no ¥ in font ptmr7t!
Missing character: There is no ‚ in font ptmr7t!
Missing character: There is no Ä in font ptmr7t!
Missing character: There is no ¸ in font ptmr7t!
Missing character: There is no √ in font ptmr7t!
Missing character: There is no ® in font ptmr7t!
Missing character: There is no ¬ in font ptmr7t!
Missing character: There is no ¥ in font ptmr7t!
Missing character: There is no ‚ in font ptmr7t!
Missing character: There is no Ä in font ptmr7t!
Missing character: There is no ú in font ptmr7t!
Missing character: There is no ‚ in font ptmr7t!
Missing character: There is no Ä in font ptmr7t!
Missing character: There is no ù in font ptmr7t!
 [264]
Overfull \hbox (3.07732pt too wide) in paragraph at lines 2247--2266
\OT1/ptm/m/n/12 Professor (Or-di-nar-ius), The-o-ret-i-cal As-tron-omy, Univ. o
f Vi-enna, Aus-
 []


Overfull \hbox (6.11417pt too wide) in paragraph at lines 2247--2266
\OT1/ptm/m/n/12 Dekan, Fac-ulty of Physics and As-tron-omy, Univ. of Hei-del-be
rg (1990--
 []


Underfull \hbox (badness 10000) in paragraph at lines 2267--2268

 []

[265

] [266] [267

]
Underfull \vbox (badness 10000) has occurred while \output is active []

 [268]
[269] [270

]
Underfull \hbox (badness 10000) in paragraph at lines 2602--2606

 []


Underfull \hbox (badness 10000) in paragraph at lines 2607--2612

 []


Underfull \hbox (badness 10000) in paragraph at lines 2613--2616

 []

[271]) [272] (./haupt.aux (./main.aux) (./references.aux) (./a1.aux) (./a2.aux)
(./b1.aux) (./b2.aux) (./b3.aux) (./b4.aux) (./c1.aux) (./c2.aux) (./d1.aux)
(./d2.aux) (./p.aux) (./z.aux) (./cv.aux)) ) 
Here is how much of TeX's memory you used:
 3793 strings out of 493015
 47710 string characters out of 6133377
 117517 words of memory out of 5000000
 7116 multiletter control sequences out of 15000+600000
 27786 words of font info for 84 fonts, out of 8000000 for 9000
 1141 hyphenation exceptions out of 8191
 32i,19n,45p,1461b,397s stack positions out of 5000i,500n,10000p,200000b,80000s

Output written on haupt.dvi (272 pages, 1222856 bytes).
